[0m18:37:36.002334 [debug] [MainThread]: Sending event: {'category': 'dbt', 'action': 'invocation', 'label': 'start', 'context': [<snowplow_tracker.self_describing_json.SelfDescribingJson object at 0x1051292b0>, <snowplow_tracker.self_describing_json.SelfDescribingJson object at 0x105fbcdf0>, <snowplow_tracker.self_describing_json.SelfDescribingJson object at 0x105fbc1f0>]}


============================== 18:37:36.005172 | e44f95cd-904b-4d9d-8908-ac526ba736f0 ==============================
[0m18:37:36.005172 [info ] [MainThread]: Running with dbt=1.9.3
[0m18:37:36.005542 [debug] [MainThread]: running dbt with arguments {'printer_width': '80', 'indirect_selection': 'eager', 'write_json': 'True', 'log_cache_events': 'False', 'partial_parse': 'True', 'cache_selected_only': 'False', 'warn_error': 'None', 'version_check': 'True', 'profiles_dir': '/Users/maria/.dbt', 'log_path': 'logs', 'debug': 'False', 'fail_fast': 'False', 'use_colors': 'True', 'use_experimental_parser': 'False', 'no_print': 'None', 'quiet': 'False', 'empty': 'False', 'warn_error_options': 'WarnErrorOptions(include=[], exclude=[])', 'static_parser': 'True', 'introspect': 'True', 'invocation_command': 'dbt compile', 'target_path': 'None', 'log_format': 'default', 'send_anonymous_usage_stats': 'True'}
[0m18:37:36.005925 [error] [MainThread]: Encountered an error:
Runtime Error
  No dbt_project.yml found at expected path /Users/maria/Documents/GitHub/extra/dbt_assistant/dbt_project.yml
  Verify that each entry within packages.yml (and their transitive dependencies) contains a file named dbt_project.yml
  
[0m18:37:36.014659 [debug] [MainThread]: Resource report: {"command_name": "compile", "command_success": false, "command_wall_clock_time": 0.06800388, "process_in_blocks": "0", "process_kernel_time": 0.164216, "process_mem_max_rss": "95272960", "process_out_blocks": "0", "process_user_time": 0.770944}
[0m18:37:36.015243 [debug] [MainThread]: Command `dbt compile` failed at 18:37:36.015161 after 0.07 seconds
[0m18:37:36.015529 [debug] [MainThread]: Sending event: {'category': 'dbt', 'action': 'invocation', 'label': 'end', 'context': [<snowplow_tracker.self_describing_json.SelfDescribingJson object at 0x1051292b0>, <snowplow_tracker.self_describing_json.SelfDescribingJson object at 0x105f97ac0>, <snowplow_tracker.self_describing_json.SelfDescribingJson object at 0x105f972b0>]}
[0m18:37:36.015781 [debug] [MainThread]: Flushing usage events
[0m18:37:36.213545 [debug] [MainThread]: An error was encountered while trying to flush usage events
[0m08:20:25.225915 [debug] [MainThread]: Sending event: {'category': 'dbt', 'action': 'invocation', 'label': 'start', 'context': [<snowplow_tracker.self_describing_json.SelfDescribingJson object at 0x107894050>, <snowplow_tracker.self_describing_json.SelfDescribingJson object at 0x120d1bd90>, <snowplow_tracker.self_describing_json.SelfDescribingJson object at 0x120d1bed0>]}


============================== 08:20:25.229775 | 457a0f5f-0fd7-4859-8774-a8629964de31 ==============================
[0m08:20:25.229775 [info ] [MainThread]: Running with dbt=1.10.9
[0m08:20:25.230141 [debug] [MainThread]: running dbt with arguments {'write_json': 'True', 'indirect_selection': 'eager', 'log_format': 'default', 'use_experimental_parser': 'False', 'no_print': 'None', 'static_parser': 'True', 'warn_error_options': 'WarnErrorOptionsV2(error=[], warn=[], silence=[])', 'use_colors': 'True', 'printer_width': '80', 'fail_fast': 'False', 'empty': 'False', 'log_cache_events': 'False', 'warn_error': 'None', 'debug': 'False', 'send_anonymous_usage_stats': 'True', 'log_path': 'logs', 'introspect': 'True', 'partial_parse': 'True', 'version_check': 'True', 'profiles_dir': '/Users/maria/.dbt', 'quiet': 'False', 'invocation_command': 'dbt run --target local', 'target_path': 'None', 'cache_selected_only': 'False'}
[0m08:20:25.230532 [error] [MainThread]: Encountered an error:
Runtime Error
  No dbt_project.yml found at expected path /Users/maria/Documents/GitHub/extra/dbt_assistant/dbt_project.yml
  Verify that each entry within packages.yml (and their transitive dependencies) contains a file named dbt_project.yml
  
[0m08:20:25.242574 [debug] [MainThread]: Resource report: {"command_name": "run", "command_success": false, "command_wall_clock_time": 0.06673571, "process_in_blocks": "0", "process_kernel_time": 0.166486, "process_mem_max_rss": "106168320", "process_out_blocks": "0", "process_user_time": 0.728188}
[0m08:20:25.244374 [debug] [MainThread]: Command `dbt run` failed at 08:20:25.244111 after 0.07 seconds
[0m08:20:25.244746 [debug] [MainThread]: Sending event: {'category': 'dbt', 'action': 'invocation', 'label': 'end', 'context': [<snowplow_tracker.self_describing_json.SelfDescribingJson object at 0x120c2b490>, <snowplow_tracker.self_describing_json.SelfDescribingJson object at 0x120d6a690>, <snowplow_tracker.self_describing_json.SelfDescribingJson object at 0x120ad97b0>]}
[0m08:20:25.248431 [debug] [MainThread]: Flushing usage events
[0m08:20:25.420029 [debug] [MainThread]: An error was encountered while trying to flush usage events
